#
# A fatal error has been detected by the Java Runtime Environment:
#
#  EXCEPTION_INVALID_HANDLE (0xc0000008) at pc=0x00007ffea8d7bf98, pid=21120, tid=0x00000000000036f8
#
# JRE version: Java(TM) SE Runtime Environment (8.0_241-b07) (build 1.8.0_241-b07)
# Java VM: Java HotSpot(TM) 64-Bit Server VM (25.241-b07 mixed mode windows-amd64 compressed oops)
# Problematic frame:
# C  [ntdll.dll+0xfbf98]
#
# Failed to write core dump. Minidumps are not enabled by default on client versions of Windows
#
# If you would like to submit a bug report, please visit:
#   http://bugreport.java.com/bugreport/crash.jsp
# The crash happened outside the Java Virtual Machine in native code.
# See problematic frame for where to report the bug.
#

---------------  T H R E A D  ---------------

Current thread (0x000000001eb57000):  JavaThread "JavaFX Application Thread" [_thread_in_native, id=14072, stack(0x000000001fb00000,0x000000001fc00000)]

siginfo: ExceptionCode=0xc0000008

Registers:
RAX=0x000000001c0f3d38, RBX=0x00000000c0000008, RCX=0x000000001eb57000, RDX=0x000000076b8afb68
RSP=0x000000001fbfcba0, RBP=0x0000000000000000, RSI=0x0000000000000000, RDI=0x0000000000000000
R8 =0x000000000384b684, R9 =0x000000001eb57000, R10=0x000000002682b988, R11=0x000000076b8af550
R12=0x0000000000000000, R13=0x000000000118d000, R14=0x000000002419ff10, R15=0x0000000000000000
RIP=0x00007ffea8d7bf98, EFLAGS=0x0000000000000206

Top of Stack: (sp=0x000000001fbfcba0)
0x000000001fbfcba0:   0000000000000181 000000001eb4ea00
0x000000001fbfcbb0:   0000000000000000 000000001eb57000
0x000000001fbfcbc0:   00000001c0000008 0000000000000000
0x000000001fbfcbd0:   00007ffea8d7bf98 0000000700000000
0x000000001fbfcbe0:   000000001fbfd3b0 000000001ea303a0
0x000000001fbfcbf0:   000000001ea30398 000000005f268f14
0x000000001fbfcc00:   00000007c0329928 000000000000df55
0x000000001fbfcc10:   000000001eb57000 000000076b8afca0
0x000000001fbfcc20:   000000001e1b1190 0000000000000000
0x000000001fbfcc30:   000000001eb57000 00000007c02b61a8
0x000000001fbfcc40:   000000001effbec0 000000005f3887a5
0x000000001fbfcc50:   00000007c02b5fb8 00000007c02b5fb8
0x000000001fbfcc60:   000000001fbfd5a8 000000005f268f14
0x000000001fbfcc70:   000000001effbec0 000000005f268f14
0x000000001fbfcc80:   000000001fbfce50 00000000037fa8c4
0x000000001fbfcc90:   00001fa10010000f 0053002b002b0033 

Instructions: (pc=0x00007ffea8d7bf98)
0x00007ffea8d7bf78:   cc cc cc cc cc cc cc cc 40 53 48 81 ec 90 05 00
0x00007ffea8d7bf88:   00 8b d9 48 8d 8c 24 c0 00 00 00 e8 e8 40 fa ff
0x00007ffea8d7bf98:   48 8b 84 24 b8 01 00 00 89 5c 24 20 33 db 48 89
0x00007ffea8d7bfa8:   5c 24 28 89 5c 24 38 48 89 44 24 30 c7 44 24 24 


Register to memory mapping:

RAX={method} {0x000000001c0f3d40} 'isEmpty' '()Z' in 'java/util/WeakHashMap'
RBX=0x00000000c0000008 is an unknown value
RCX=0x000000001eb57000 is a thread
RDX=0x000000076b8afb68 is an oop
java.time.format.DateTimeFormatterBuilder 
 - klass: 'java/time/format/DateTimeFormatterBuilder'
RSP=0x000000001fbfcba0 is pointing into the stack for thread: 0x000000001eb57000
RBP=0x0000000000000000 is an unknown value
RSI=0x0000000000000000 is an unknown value
RDI=0x0000000000000000 is an unknown value
R8 =0x000000000384b684 is at entry_point+2052 in (nmethod*)0x000000000384ac50
R9 =0x000000001eb57000 is a thread
R10=0x000000002682b988 is pointing into metadata
R11=0x000000076b8af550 is an oop
java.util.WeakHashMap 
 - klass: 'java/util/WeakHashMap'
R12=0x0000000000000000 is an unknown value
R13=0x000000000118d000 is an unknown value
R14=0x000000002419ff10 is an unknown value
R15=0x0000000000000000 is an unknown value


Stack: [0x000000001fb00000,0x000000001fc00000],  sp=0x000000001fbfcba0,  free space=1010k
Native frames: (J=compiled Java code, j=interpreted, Vv=VM code, C=native code)

Java frames: (J=compiled Java code, j=interpreted, Vv=VM code)
J 1581  org.sqlite.core.NativeDB.reset(J)I (0 bytes) @ 0x000000000382f1fb [0x000000000382f1c0+0x3b]
J 1544 C1 org.sqlite.core.CoreResultSet.close()V (110 bytes) @ 0x00000000038144ec [0x00000000038142a0+0x24c]
J 1545 C1 org.apache.commons.dbcp2.DelegatingResultSet.close()V (59 bytes) @ 0x0000000003815884 [0x0000000003814ba0+0xce4]
J 1545 C1 org.apache.commons.dbcp2.DelegatingResultSet.close()V (59 bytes) @ 0x0000000003815884 [0x0000000003814ba0+0xce4]
J 1594 C1 app.controller.sql.SQLiteJDBC.close()V (51 bytes) @ 0x000000000383edd4 [0x000000000383eca0+0x134]
j  app.controller.sql.SQLiteJDBC.select(Ljava/lang/String;Ljava/lang/String;Ljava/lang/Object;)Ljava/sql/ResultSet;+0
j  app.controller.sql.dao.ScheduleDetailsDao.getAllByDate(Ljava/time/LocalDate;)Ljava/util/List;+13
j  app.controller.sql.serviceClasses.ScheduleEntryService.getDeliveriesFromDb(Ljava/time/LocalDate;)Ljava/util/List;+8
j  app.controller.schedule.POTableTab.populateTreeItems()Ljavafx/scene/control/TreeItem;+14
j  app.controller.schedule.POTableTab.listAllRecords()V+5
j  app.controller.schedule.POTableTab.initialListLoad()V+17
j  app.controller.schedule.POTableTab.createTable()Ljavafx/scene/control/Tab;+188
j  app.controller.schedule.GoodsInController.initialize(Ljava/net/URL;Ljava/util/ResourceBundle;)V+158
j  javafx.fxml.FXMLLoader.loadImpl(Ljava/io/InputStream;Ljava/lang/Class;)Ljava/lang/Object;+265
j  javafx.fxml.FXMLLoader.loadImpl(Ljava/lang/Class;)Ljava/lang/Object;+30
j  javafx.fxml.FXMLLoader.load()Ljava/lang/Object;+14
j  app.Main.start(Ljavafx/stage/Stage;)V+34
j  com.sun.javafx.application.LauncherImpl.lambda$launchApplication1$8(Ljava/util/concurrent/atomic/AtomicBoolean;Ljavafx/application/Application;)V+20
j  com.sun.javafx.application.LauncherImpl$$Lambda$55.run()V+8
j  com.sun.javafx.application.PlatformImpl.lambda$runAndWait$7(Ljava/lang/Runnable;Ljava/util/concurrent/CountDownLatch;)V+1
j  com.sun.javafx.application.PlatformImpl$$Lambda$48.run()V+8
j  com.sun.javafx.application.PlatformImpl.lambda$null$5(Ljava/lang/Runnable;)Ljava/lang/Void;+1
j  com.sun.javafx.application.PlatformImpl$$Lambda$50.run()Ljava/lang/Object;+4
v  ~StubRoutines::call_stub
j  java.security.AccessController.doPrivileged(Ljava/security/PrivilegedAction;Ljava/security/AccessControlContext;)Ljava/lang/Object;+0
j  com.sun.javafx.application.PlatformImpl.lambda$runLater$6(Ljava/lang/Runnable;Ljava/security/AccessControlContext;)V+7
j  com.sun.javafx.application.PlatformImpl$$Lambda$49.run()V+8
j  com.sun.glass.ui.InvokeLaterDispatcher$Future.run()V+4
v  ~StubRoutines::call_stub
j  com.sun.glass.ui.win.WinApplication._runLoop(Ljava/lang/Runnable;)V+0
j  com.sun.glass.ui.win.WinApplication.lambda$null$4(ILjava/lang/Runnable;)V+8
j  com.sun.glass.ui.win.WinApplication$$Lambda$38.run()V+12
j  java.lang.Thread.run()V+11
v  ~StubRoutines::call_stub

---------------  P R O C E S S  ---------------

Java Threads: ( => current thread )
  0x000000001f0e9000 JavaThread "Calendar: Update Time Thread" daemon [_thread_blocked, id=10528, stack(0x0000000028670000,0x0000000028770000)]
  0x000000001f0df000 JavaThread "Prism Font Disposer" daemon [_thread_blocked, id=18072, stack(0x00000000282f0000,0x00000000283f0000)]
  0x000000001eb8b000 JavaThread "Thread-3" daemon [_thread_in_native, id=19120, stack(0x00000000265f0000,0x00000000266f0000)]
  0x000000001eb94000 JavaThread "JavaFX-Launcher" [_thread_blocked, id=5136, stack(0x00000000266f0000,0x00000000267f0000)]
=>0x000000001eb57000 JavaThread "JavaFX Application Thread" [_thread_in_native, id=14072, stack(0x000000001fb00000,0x000000001fc00000)]
  0x000000001eb54000 JavaThread "Thread-1" daemon [_thread_blocked, id=15084, stack(0x000000001fcf0000,0x000000001fdf0000)]
  0x000000001eade000 JavaThread "QuantumRenderer-0" daemon [_thread_blocked, id=2832, stack(0x000000001f3b0000,0x000000001f4b0000)]
  0x000000001e15d800 JavaThread "Service Thread" daemon [_thread_blocked, id=21544, stack(0x000000001e7e0000,0x000000001e8e0000)]
  0x000000001e156000 JavaThread "C1 CompilerThread2" daemon [_thread_blocked, id=18640, stack(0x000000001e6e0000,0x000000001e7e0000)]
  0x000000001e0f6000 JavaThread "C2 CompilerThread1" daemon [_thread_blocked, id=15772, stack(0x000000001e5e0000,0x000000001e6e0000)]
  0x000000001e0ed800 JavaThread "C2 CompilerThread0" daemon [_thread_blocked, id=20472, stack(0x000000001e4e0000,0x000000001e5e0000)]
  0x000000001e0ec000 JavaThread "Monitor Ctrl-Break" daemon [_thread_in_native, id=6264, stack(0x000000001e3e0000,0x000000001e4e0000)]
  0x000000001c98a000 JavaThread "Attach Listener" daemon [_thread_blocked, id=19320, stack(0x000000001dee0000,0x000000001dfe0000)]
  0x000000001c989000 JavaThread "Signal Dispatcher" daemon [_thread_blocked, id=21108, stack(0x000000001dde0000,0x000000001dee0000)]
  0x0000000003306800 JavaThread "Finalizer" daemon [_thread_blocked, id=11760, stack(0x000000001dbe0000,0x000000001dce0000)]
  0x000000001c96a000 JavaThread "Reference Handler" daemon [_thread_blocked, id=22252, stack(0x000000001dae0000,0x000000001dbe0000)]
  0x0000000003213800 JavaThread "main" [_thread_blocked, id=13484, stack(0x0000000003010000,0x0000000003110000)]

Other Threads:
  0x000000001c948000 VMThread [stack: 0x000000001d9e0000,0x000000001dae0000] [id=18272]
  0x000000001e177000 WatcherThread [stack: 0x000000001e8e0000,0x000000001e9e0000] [id=11244]

VM state:not at safepoint (normal execution)

VM Mutex/Monitor currently owned by a thread: None

heap address: 0x00000006c0a00000, size: 4086 MB, Compressed Oops mode: Zero based, Oop shift amount: 3
Narrow klass base: 0x0000000000000000, Narrow klass shift: 3
Compressed class space size: 1073741824 Address: 0x00000007c0000000

Heap:
 PSYoungGen      total 76288K, used 11608K [0x000000076ae00000, 0x0000000770300000, 0x00000007c0000000)
  eden space 65536K, 17% used [0x000000076ae00000,0x000000076b9563b8,0x000000076ee00000)
  from space 10752K, 0% used [0x000000076ee00000,0x000000076ee00000,0x000000076f880000)
  to   space 10752K, 0% used [0x000000076f880000,0x000000076f880000,0x0000000770300000)
 ParOldGen       total 126976K, used 8807K [0x00000006c0a00000, 0x00000006c8600000, 0x000000076ae00000)
  object space 126976K, 6% used [0x00000006c0a00000,0x00000006c1299ef0,0x00000006c8600000)
 Metaspace       used 22395K, capacity 23486K, committed 23680K, reserved 1069056K
  class space    used 3235K, capacity 3446K, committed 3456K, reserved 1048576K

Card table byte_map: [0x00000000126d0000,0x0000000012ed0000] byte_map_base: 0x000000000f0cb000

Marking Bits: (ParMarkBitMap*) 0x000000005f99be30
 Begin Bits: [0x0000000013830000, 0x0000000017808000)
 End Bits:   [0x0000000017808000, 0x000000001b7e0000)

Polling page: 0x0000000000fd0000

CodeCache: size=245760Kb used=5768Kb max_used=5777Kb free=239991Kb
 bounds [0x0000000003310000, 0x00000000038c0000, 0x0000000012310000]
 total_blobs=2303 nmethods=1728 adapters=487
 compilation: enabled

Compilation events (10 events):
Event: 2.526 Thread 0x000000001e156000 nmethod 1720 0x00000000038a99d0 code [0x00000000038a9b60, 0x00000000038aa050]
Event: 2.527 Thread 0x000000001e156000 1722       3       java.util.concurrent.atomic.AtomicLong::get (5 bytes)
Event: 2.527 Thread 0x000000001e156000 nmethod 1722 0x00000000038a96d0 code [0x00000000038a9820, 0x00000000038a9970]
Event: 2.527 Thread 0x000000001e156000 1723       3       javafx.collections.ListChangeBuilder$SingleChange::getFrom (12 bytes)
Event: 2.527 Thread 0x000000001e156000 nmethod 1723 0x00000000038a7f50 code [0x00000000038a80c0, 0x00000000038a83a8]
Event: 2.527 Thread 0x000000001e156000 1724       3       java.util.Arrays::hashCode (56 bytes)
Event: 2.528 Thread 0x000000001e156000 nmethod 1724 0x00000000038a7910 code [0x00000000038a7a80, 0x00000000038a7e08]
Event: 2.528 Thread 0x000000001e156000 1725       3       jdk.internal.org.objectweb.asm.ClassVisitor::<init> (35 bytes)
Event: 2.529 Thread 0x000000001e156000 nmethod 1725 0x00000000038a8f50 code [0x00000000038a90c0, 0x00000000038a93c8]
Event: 2.529 Thread 0x000000001e156000 1726       3       jdk.internal.org.objectweb.asm.ClassWriter::toByteArray (1289 bytes)

GC Heap History (4 events):
Event: 2.307 GC heap before
{Heap before GC invocations=1 (full 0):
 PSYoungGen      total 76288K, used 65536K [0x000000076ae00000, 0x0000000770300000, 0x00000007c0000000)
  eden space 65536K, 100% used [0x000000076ae00000,0x000000076ee00000,0x000000076ee00000)
  from space 10752K, 0% used [0x000000076f880000,0x000000076f880000,0x0000000770300000)
  to   space 10752K, 0% used [0x000000076ee00000,0x000000076ee00000,0x000000076f880000)
 ParOldGen       total 175104K, used 0K [0x00000006c0a00000, 0x00000006cb500000, 0x000000076ae00000)
  object space 175104K, 0% used [0x00000006c0a00000,0x00000006c0a00000,0x00000006cb500000)
 Metaspace       used 20366K, capacity 21164K, committed 21296K, reserved 1067008K
  class space    used 2910K, capacity 3123K, committed 3200K, reserved 1048576K
Event: 2.314 GC heap after
Heap after GC invocations=1 (full 0):
 PSYoungGen      total 76288K, used 8941K [0x000000076ae00000, 0x0000000770300000, 0x00000007c0000000)
  eden space 65536K, 0% used [0x000000076ae00000,0x000000076ae00000,0x000000076ee00000)
  from space 10752K, 83% used [0x000000076ee00000,0x000000076f6bb5c8,0x000000076f880000)
  to   space 10752K, 0% used [0x000000076f880000,0x000000076f880000,0x0000000770300000)
 ParOldGen       total 175104K, used 80K [0x00000006c0a00000, 0x00000006cb500000, 0x000000076ae00000)
  object space 175104K, 0% used [0x00000006c0a00000,0x00000006c0a14010,0x00000006cb500000)
 Metaspace       used 20366K, capacity 21164K, committed 21296K, reserved 1067008K
  class space    used 2910K, capacity 3123K, committed 3200K, reserved 1048576K
}
Event: 2.314 GC heap before
{Heap before GC invocations=2 (full 1):
 PSYoungGen      total 76288K, used 8941K [0x000000076ae00000, 0x0000000770300000, 0x00000007c0000000)
  eden space 65536K, 0% used [0x000000076ae00000,0x000000076ae00000,0x000000076ee00000)
  from space 10752K, 83% used [0x000000076ee00000,0x000000076f6bb5c8,0x000000076f880000)
  to   space 10752K, 0% used [0x000000076f880000,0x000000076f880000,0x0000000770300000)
 ParOldGen       total 175104K, used 80K [0x00000006c0a00000, 0x00000006cb500000, 0x000000076ae00000)
  object space 175104K, 0% used [0x00000006c0a00000,0x00000006c0a14010,0x00000006cb500000)
 Metaspace       used 20366K, capacity 21164K, committed 21296K, reserved 1067008K
  class space    used 2910K, capacity 3123K, committed 3200K, reserved 1048576K
Event: 2.342 GC heap after
Heap after GC invocations=2 (full 1):
 PSYoungGen      total 76288K, used 0K [0x000000076ae00000, 0x0000000770300000, 0x00000007c0000000)
  eden space 65536K, 0% used [0x000000076ae00000,0x000000076ae00000,0x000000076ee00000)
  from space 10752K, 0% used [0x000000076ee00000,0x000000076ee00000,0x000000076f880000)
  to   space 10752K, 0% used [0x000000076f880000,0x000000076f880000,0x0000000770300000)
 ParOldGen       total 126976K, used 8807K [0x00000006c0a00000, 0x00000006c8600000, 0x000000076ae00000)
  object space 126976K, 6% used [0x00000006c0a00000,0x00000006c1299ef0,0x00000006c8600000)
 Metaspace       used 20366K, capacity 21164K, committed 21296K, reserved 1067008K
  class space    used 2910K, capacity 3123K, committed 3200K, reserved 1048576K
}

Deoptimization events (10 events):
Event: 1.891 Thread 0x000000001eb57000 Uncommon trap: reason=unstable_if action=reinterpret pc=0x00000000036bbec8 method=java.lang.String.regionMatches(ZILjava/lang/String;II)Z @ 123
Event: 2.103 Thread 0x000000001eb57000 Uncommon trap: reason=class_check action=maybe_recompile pc=0x000000000368c6b8 method=java.util.HashMap.putVal(ILjava/lang/Object;Ljava/lang/Object;ZZ)Ljava/lang/Object; @ 253
Event: 2.251 Thread 0x000000001eb57000 Uncommon trap: reason=unstable_if action=reinterpret pc=0x00000000035e61d0 method=java.lang.AbstractStringBuilder.append(Ljava/lang/String;)Ljava/lang/AbstractStringBuilder; @ 1
Event: 2.280 Thread 0x000000001eb57000 Uncommon trap: reason=class_check action=maybe_recompile pc=0x00000000036e19ec method=java.util.HashMap.putVal(ILjava/lang/Object;Ljava/lang/Object;ZZ)Ljava/lang/Object; @ 203
Event: 2.280 Thread 0x000000001eb57000 Uncommon trap: reason=class_check action=maybe_recompile pc=0x00000000036e19ec method=java.util.HashMap.putVal(ILjava/lang/Object;Ljava/lang/Object;ZZ)Ljava/lang/Object; @ 203
Event: 2.285 Thread 0x000000001eb57000 Uncommon trap: reason=class_check action=maybe_recompile pc=0x00000000036e19ec method=java.util.HashMap.putVal(ILjava/lang/Object;Ljava/lang/Object;ZZ)Ljava/lang/Object; @ 203
Event: 2.285 Thread 0x000000001eb57000 Uncommon trap: reason=class_check action=maybe_recompile pc=0x000000000368c6b8 method=java.util.HashMap.putVal(ILjava/lang/Object;Ljava/lang/Object;ZZ)Ljava/lang/Object; @ 253
Event: 2.354 Thread 0x000000001eb57000 Uncommon trap: reason=unstable_if action=reinterpret pc=0x0000000003736eec method=java.lang.ref.SoftReference.get()Ljava/lang/Object; @ 17
Event: 2.399 Thread 0x000000001eb57000 Uncommon trap: reason=unstable_if action=reinterpret pc=0x00000000037e2c0c method=org.sqlite.SQLiteJDBCLoader.contentsEquals(Ljava/io/InputStream;Ljava/io/InputStream;)Z @ 39
Event: 2.441 Thread 0x000000001f0e9000 Uncommon trap: reason=unstable_if action=reinterpret pc=0x0000000003534e88 method=java.lang.AbstractStringBuilder.append(Ljava/lang/String;)Ljava/lang/AbstractStringBuilder; @ 1

Classes redefined (0 events):
No events

Internal exceptions (10 events):
Event: 2.282 Thread 0x000000001eb57000 Exception <a 'java/lang/ArrayIndexOutOfBoundsException'> (0x000000076ebb44e0) thrown at [C:\ade\jenkins\workspace\8-2-build-windows-amd64-cygwin\jdk8u241\331\hotspot\src\share\vm\runtime\sharedRuntime.cpp, line 605]
Event: 2.282 Thread 0x000000001eb57000 Exception <a 'java/lang/ArrayIndexOutOfBoundsException'> (0x000000076ebb56d0) thrown at [C:\ade\jenkins\workspace\8-2-build-windows-amd64-cygwin\jdk8u241\331\hotspot\src\share\vm\runtime\sharedRuntime.cpp, line 605]
Event: 2.282 Thread 0x000000001eb57000 Exception <a 'java/lang/ArrayIndexOutOfBoundsException'> (0x000000076ebb81b0) thrown at [C:\ade\jenkins\workspace\8-2-build-windows-amd64-cygwin\jdk8u241\331\hotspot\src\share\vm\runtime\sharedRuntime.cpp, line 605]
Event: 2.287 Thread 0x000000001eb57000 Exception <a 'java/lang/ArrayIndexOutOfBoundsException'> (0x000000076ebe5368) thrown at [C:\ade\jenkins\workspace\8-2-build-windows-amd64-cygwin\jdk8u241\331\hotspot\src\share\vm\runtime\sharedRuntime.cpp, line 605]
Event: 2.289 Thread 0x000000001eb57000 Exception <a 'java/lang/ArrayIndexOutOfBoundsException'> (0x000000076ebfa180) thrown at [C:\ade\jenkins\workspace\8-2-build-windows-amd64-cygwin\jdk8u241\331\hotspot\src\share\vm\runtime\sharedRuntime.cpp, line 605]
Event: 2.441 Thread 0x000000001f0e9000 Exception <a 'java/lang/NoSuchMethodError': java.lang.Object.lambda$comparing$77a9974f$1(Ljava/util/function/Function;Ljava/lang/Object;Ljava/lang/Object;)I> (0x000000076b24bd50) thrown at [C:\ade\jenkins\workspace\8-2-build-windows-amd64-cygwin\jdk8u241\
Event: 2.441 Thread 0x000000001f0e9000 Implicit null exception at 0x0000000003534ad6 to 0x0000000003534e71
Event: 2.442 Thread 0x000000001f0e9000 Exception <a 'java/lang/NullPointerException'> (0x000000076b25ee78) thrown at [C:\ade\jenkins\workspace\8-2-build-windows-amd64-cygwin\jdk8u241\331\hotspot\src\share\vm\interpreter\linkResolver.cpp, line 1185]
Event: 2.481 Thread 0x000000001f0e9000 Exception <a 'java/lang/NullPointerException'> (0x000000076b400010) thrown at [C:\ade\jenkins\workspace\8-2-build-windows-amd64-cygwin\jdk8u241\331\hotspot\src\share\vm\interpreter\linkResolver.cpp, line 1185]
Event: 2.503 Thread 0x000000001f0e9000 Exception <a 'java/lang/NullPointerException'> (0x000000076b79a798) thrown at [C:\ade\jenkins\workspace\8-2-build-windows-amd64-cygwin\jdk8u241\331\hotspot\src\share\vm\interpreter\linkResolver.cpp, line 1185]

Events (10 events):
Event: 2.528 loading class javafx/scene/control/TreeTableView
Event: 2.528 loading class javafx/scene/control/TreeTableView done
Event: 2.528 loading class app/controller/schedule/POTableTab
Event: 2.528 loading class app/controller/schedule/POTableTab done
Event: 2.529 loading class javafx/scene/control/TreeItem$3
Event: 2.529 loading class javafx/scene/control/TreeItem$3 done
Event: 2.529 loading class javafx/scene/control/TreeItem$2
Event: 2.529 loading class javafx/scene/control/TreeItem$2 done
Event: 2.529 loading class javafx/scene/control/TreeItem$4
Event: 2.529 loading class javafx/scene/control/TreeItem$4 done


Dynamic libraries:
0x00007ff632c20000 - 0x00007ff632c57000 	C:\Program Files\Java\jdk1.8.0_241\bin\java.exe
0x00007ffea8c80000 - 0x00007ffea8e70000 	C:\Windows\SYSTEM32\ntdll.dll
0x00007ffea7d00000 - 0x00007ffea7db2000 	C:\Windows\System32\KERNEL32.DLL
0x00007ffea6690000 - 0x00007ffea6933000 	C:\Windows\System32\KERNELBASE.dll
0x00007ffea8ae0000 - 0x00007ffea8b83000 	C:\Windows\System32\ADVAPI32.dll
0x00007ffea7330000 - 0x00007ffea73ce000 	C:\Windows\System32\msvcrt.dll
0x00007ffea87c0000 - 0x00007ffea8857000 	C:\Windows\System32\sechost.dll
0x00007ffea8230000 - 0x00007ffea8350000 	C:\Windows\System32\RPCRT4.dll
0x00007ffea8860000 - 0x00007ffea89f4000 	C:\Windows\System32\USER32.dll
0x00007ffea5c10000 - 0x00007ffea5c31000 	C:\Windows\System32\win32u.dll
0x00007ffea7130000 - 0x00007ffea7156000 	C:\Windows\System32\GDI32.dll
0x00007ffea6ab0000 - 0x00007ffea6c44000 	C:\Windows\System32\gdi32full.dll
0x00007ffea69c0000 - 0x00007ffea6a5e000 	C:\Windows\System32\msvcp_win.dll
0x00007ffea5e10000 - 0x00007ffea5f0a000 	C:\Windows\System32\ucrtbase.dll
0x00007ffe99a80000 - 0x00007ffe99d05000 	C:\Windows\WinSxS\amd64_microsoft.windows.common-controls_6595b64144ccf1df_6.0.18362.720_none_e6beb5c51314836b\COMCTL32.dll
0x00007ffea6df0000 - 0x00007ffea7126000 	C:\Windows\System32\combase.dll
0x00007ffea6940000 - 0x00007ffea69c0000 	C:\Windows\System32\bcryptPrimitives.dll
0x00007ffea8140000 - 0x00007ffea816e000 	C:\Windows\System32\IMM32.DLL
0x0000000060430000 - 0x0000000060502000 	C:\Program Files\Java\jdk1.8.0_241\jre\bin\msvcr100.dll
0x000000005f170000 - 0x000000005fa1c000 	C:\Program Files\Java\jdk1.8.0_241\jre\bin\server\jvm.dll
0x00007ffea8ad0000 - 0x00007ffea8ad8000 	C:\Windows\System32\PSAPI.DLL
0x00007ffe94100000 - 0x00007ffe94109000 	C:\Windows\SYSTEM32\WSOCK32.dll
0x00007ffea80d0000 - 0x00007ffea813f000 	C:\Windows\System32\WS2_32.dll
0x00007ffea2f40000 - 0x00007ffea2f64000 	C:\Windows\SYSTEM32\WINMM.dll
0x00007ffe9d070000 - 0x00007ffe9d07a000 	C:\Windows\SYSTEM32\VERSION.dll
0x00007ffea2f10000 - 0x00007ffea2f3d000 	C:\Windows\SYSTEM32\WINMMBASE.dll
0x00007ffea6a60000 - 0x00007ffea6aaa000 	C:\Windows\System32\cfgmgr32.dll
0x00007ffe9e220000 - 0x00007ffe9e22f000 	C:\Program Files\Java\jdk1.8.0_241\jre\bin\verify.dll
0x00007ffe7ae40000 - 0x00007ffe7ae69000 	C:\Program Files\Java\jdk1.8.0_241\jre\bin\java.dll
0x00007ffea19f0000 - 0x00007ffea1a13000 	C:\Program Files\Java\jdk1.8.0_241\jre\bin\instrument.dll
0x00007ffe79150000 - 0x00007ffe79166000 	C:\Program Files\Java\jdk1.8.0_241\jre\bin\zip.dll
0x00007ffea7610000 - 0x00007ffea7cf5000 	C:\Windows\System32\SHELL32.dll
0x00007ffea8180000 - 0x00007ffea8229000 	C:\Windows\System32\shcore.dll
0x00007ffea5f10000 - 0x00007ffea6690000 	C:\Windows\System32\windows.storage.dll
0x00007ffea5be0000 - 0x00007ffea5c03000 	C:\Windows\System32\profapi.dll
0x00007ffea5b90000 - 0x00007ffea5bda000 	C:\Windows\System32\powrprof.dll
0x00007ffea5b40000 - 0x00007ffea5b50000 	C:\Windows\System32\UMPDC.dll
0x00007ffea6d30000 - 0x00007ffea6d82000 	C:\Windows\System32\shlwapi.dll
0x00007ffea5b70000 - 0x00007ffea5b81000 	C:\Windows\System32\kernel.appcore.dll
0x00007ffea5df0000 - 0x00007ffea5e07000 	C:\Windows\System32\cryptsp.dll
0x00007ffe9e310000 - 0x00007ffe9e32a000 	C:\Users\akazx\AppData\Local\JetBrains\Toolbox\apps\IDEA-U\ch-0\193.6911.18\bin\breakgen64.dll
0x00007ffe78dd0000 - 0x00007ffe78dea000 	C:\Program Files\Java\jdk1.8.0_241\jre\bin\net.dll
0x00007ffea53b0000 - 0x00007ffea5417000 	C:\Windows\system32\mswsock.dll
0x00000000017a0000 - 0x00000000017a3000 	C:\Program Files\Java\jdk1.8.0_241\jre\bin\api-ms-win-core-console-l1-1-0.dll
0x00000000017b0000 - 0x00000000017b3000 	C:\Program Files\Java\jdk1.8.0_241\jre\bin\api-ms-win-core-datetime-l1-1-0.dll
0x0000000002f70000 - 0x0000000002f73000 	C:\Program Files\Java\jdk1.8.0_241\jre\bin\api-ms-win-core-debug-l1-1-0.dll
0x0000000002f80000 - 0x0000000002f83000 	C:\Program Files\Java\jdk1.8.0_241\jre\bin\api-ms-win-core-errorhandling-l1-1-0.dll
0x0000000002f90000 - 0x0000000002f94000 	C:\Program Files\Java\jdk1.8.0_241\jre\bin\api-ms-win-core-file-l1-1-0.dll
0x0000000002fa0000 - 0x0000000002fa3000 	C:\Program Files\Java\jdk1.8.0_241\jre\bin\api-ms-win-core-file-l1-2-0.dll
0x0000000002fb0000 - 0x0000000002fb3000 	C:\Program Files\Java\jdk1.8.0_241\jre\bin\api-ms-win-core-file-l2-1-0.dll
0x0000000002fc0000 - 0x0000000002fc3000 	C:\Program Files\Java\jdk1.8.0_241\jre\bin\api-ms-win-core-handle-l1-1-0.dll
0x0000000002fd0000 - 0x0000000002fd3000 	C:\Program Files\Java\jdk1.8.0_241\jre\bin\api-ms-win-core-heap-l1-1-0.dll
0x0000000002fe0000 - 0x0000000002fe3000 	C:\Program Files\Java\jdk1.8.0_241\jre\bin\api-ms-win-core-interlocked-l1-1-0.dll
0x0000000002ff0000 - 0x0000000002ff3000 	C:\Program Files\Java\jdk1.8.0_241\jre\bin\api-ms-win-core-libraryloader-l1-1-0.dll
0x000000001f1e0000 - 0x000000001f1e3000 	C:\Program Files\Java\jdk1.8.0_241\jre\bin\api-ms-win-core-localization-l1-2-0.dll
0x000000001f1f0000 - 0x000000001f1f3000 	C:\Program Files\Java\jdk1.8.0_241\jre\bin\api-ms-win-core-memory-l1-1-0.dll
0x000000001f200000 - 0x000000001f203000 	C:\Program Files\Java\jdk1.8.0_241\jre\bin\api-ms-win-core-namedpipe-l1-1-0.dll
0x000000001f210000 - 0x000000001f213000 	C:\Program Files\Java\jdk1.8.0_241\jre\bin\api-ms-win-core-processenvironment-l1-1-0.dll
0x000000001f220000 - 0x000000001f223000 	C:\Program Files\Java\jdk1.8.0_241\jre\bin\api-ms-win-core-processthreads-l1-1-0.dll
0x000000001f230000 - 0x000000001f233000 	C:\Program Files\Java\jdk1.8.0_241\jre\bin\api-ms-win-core-processthreads-l1-1-1.dll
0x000000001f240000 - 0x000000001f243000 	C:\Program Files\Java\jdk1.8.0_241\jre\bin\api-ms-win-core-profile-l1-1-0.dll
0x000000001f250000 - 0x000000001f253000 	C:\Program Files\Java\jdk1.8.0_241\jre\bin\api-ms-win-core-rtlsupport-l1-1-0.dll
0x000000001f260000 - 0x000000001f263000 	C:\Program Files\Java\jdk1.8.0_241\jre\bin\api-ms-win-core-string-l1-1-0.dll
0x000000001f270000 - 0x000000001f273000 	C:\Program Files\Java\jdk1.8.0_241\jre\bin\api-ms-win-core-synch-l1-1-0.dll
0x000000001f280000 - 0x000000001f283000 	C:\Program Files\Java\jdk1.8.0_241\jre\bin\api-ms-win-core-synch-l1-2-0.dll
0x000000001f290000 - 0x000000001f293000 	C:\Program Files\Java\jdk1.8.0_241\jre\bin\api-ms-win-core-sysinfo-l1-1-0.dll
0x000000001f2a0000 - 0x000000001f2a3000 	C:\Program Files\Java\jdk1.8.0_241\jre\bin\api-ms-win-core-timezone-l1-1-0.dll
0x000000001f2b0000 - 0x000000001f2b3000 	C:\Program Files\Java\jdk1.8.0_241\jre\bin\api-ms-win-core-util-l1-1-0.dll
0x000000001f2c0000 - 0x000000001f2c3000 	C:\Program Files\Java\jdk1.8.0_241\jre\bin\api-ms-win-crt-conio-l1-1-0.dll
0x000000001f2d0000 - 0x000000001f2d4000 	C:\Program Files\Java\jdk1.8.0_241\jre\bin\api-ms-win-crt-convert-l1-1-0.dll
0x000000001f2e0000 - 0x000000001f2e3000 	C:\Program Files\Java\jdk1.8.0_241\jre\bin\api-ms-win-crt-environment-l1-1-0.dll
0x000000001f2f0000 - 0x000000001f2f3000 	C:\Program Files\Java\jdk1.8.0_241\jre\bin\api-ms-win-crt-filesystem-l1-1-0.dll
0x000000001f300000 - 0x000000001f303000 	C:\Program Files\Java\jdk1.8.0_241\jre\bin\api-ms-win-crt-heap-l1-1-0.dll
0x000000001f310000 - 0x000000001f313000 	C:\Program Files\Java\jdk1.8.0_241\jre\bin\api-ms-win-crt-locale-l1-1-0.dll
0x000000001f320000 - 0x000000001f325000 	C:\Program Files\Java\jdk1.8.0_241\jre\bin\api-ms-win-crt-math-l1-1-0.dll
0x000000001f330000 - 0x000000001f335000 	C:\Program Files\Java\jdk1.8.0_241\jre\bin\api-ms-win-crt-multibyte-l1-1-0.dll
0x000000001f340000 - 0x000000001f350000 	C:\Program Files\Java\jdk1.8.0_241\jre\bin\api-ms-win-crt-private-l1-1-0.dll
0x000000001f350000 - 0x000000001f353000 	C:\Program Files\Java\jdk1.8.0_241\jre\bin\api-ms-win-crt-process-l1-1-0.dll
0x000000001f360000 - 0x000000001f364000 	C:\Program Files\Java\jdk1.8.0_241\jre\bin\api-ms-win-crt-runtime-l1-1-0.dll
0x000000001f370000 - 0x000000001f374000 	C:\Program Files\Java\jdk1.8.0_241\jre\bin\api-ms-win-crt-stdio-l1-1-0.dll
0x000000001f380000 - 0x000000001f384000 	C:\Program Files\Java\jdk1.8.0_241\jre\bin\api-ms-win-crt-string-l1-1-0.dll
0x000000001f390000 - 0x000000001f393000 	C:\Program Files\Java\jdk1.8.0_241\jre\bin\api-ms-win-crt-time-l1-1-0.dll
0x000000001f3a0000 - 0x000000001f3a3000 	C:\Program Files\Java\jdk1.8.0_241\jre\bin\api-ms-win-crt-utility-l1-1-0.dll
0x00007ffe79640000 - 0x00007ffe7973c000 	C:\Program Files\Java\jdk1.8.0_241\jre\bin\ucrtbase.dll
0x00007ffe9e290000 - 0x00007ffe9e2a5000 	C:\Program Files\Java\jdk1.8.0_241\jre\bin\vcruntime140.dll
0x00007ffe8d8f0000 - 0x00007ffe8d98b000 	C:\Program Files\Java\jdk1.8.0_241\jre\bin\msvcp140.dll
0x00007ffe88300000 - 0x00007ffe88351000 	C:\Program Files\Java\jdk1.8.0_241\jre\bin\concrt140.dll
0x00007ffe958c0000 - 0x00007ffe958e3000 	C:\Program Files\Java\jdk1.8.0_241\jre\bin\prism_d3d.dll
0x00007ffe9b2c0000 - 0x00007ffe9b487000 	C:\Windows\system32\d3d9.dll
0x00007ffea3770000 - 0x00007ffea379d000 	C:\Windows\SYSTEM32\dwmapi.dll
0x00007ffea47b0000 - 0x00007ffea47d0000 	C:\Windows\SYSTEM32\dxcore.dll
0x00007ffea3350000 - 0x00007ffea33e9000 	C:\Windows\system32\uxtheme.dll
0x00007ffe9d080000 - 0x00007ffe9d16f000 	C:\Windows\System32\DriverStore\FileRepository\nvami.inf_amd64_856ec29e64962cfb\nvldumdx.dll
0x00007ffea5c40000 - 0x00007ffea5d89000 	C:\Windows\System32\crypt32.dll
0x00007ffea5b50000 - 0x00007ffea5b62000 	C:\Windows\System32\MSASN1.dll
0x00007ffe9d020000 - 0x00007ffe9d04f000 	C:\Windows\SYSTEM32\cryptnet.dll
0x00007ffea5580000 - 0x00007ffea558c000 	C:\Windows\SYSTEM32\cryptbase.dll
0x00007ffea5d90000 - 0x00007ffea5dec000 	C:\Windows\System32\WINTRUST.DLL
0x00007ffea7240000 - 0x00007ffea725d000 	C:\Windows\System32\imagehlp.dll
0x00007ffea4f20000 - 0x00007ffea4f53000 	C:\Windows\system32\rsaenh.dll
0x00007ffea6d00000 - 0x00007ffea6d26000 	C:\Windows\System32\bcrypt.dll
0x00007ffe5ae30000 - 0x00007ffe5c353000 	C:\Windows\System32\DriverStore\FileRepository\nvami.inf_amd64_856ec29e64962cfb\nvd3dumx.dll
0x00007ffe88160000 - 0x00007ffe881a5000 	C:\Program Files\Java\jdk1.8.0_241\jre\bin\glass.dll
0x00007ffea7260000 - 0x00007ffea7330000 	C:\Windows\System32\COMDLG32.dll
0x00007ffea7f70000 - 0x00007ffea80c7000 	C:\Windows\System32\ole32.dll
0x00007ffea8a00000 - 0x00007ffea8ac4000 	C:\Windows\System32\OLEAUT32.dll
0x00007ffea73d0000 - 0x00007ffea7506000 	C:\Windows\System32\MSCTF.dll
0x00007ffe72880000 - 0x00007ffe72b44000 	C:\Windows\system32\nvspcap64.dll
0x00007ffea4cb0000 - 0x00007ffea4ce1000 	C:\Windows\SYSTEM32\ntmarta.dll
0x00007ffea4760000 - 0x00007ffea4782000 	C:\Windows\SYSTEM32\gpapi.dll
0x00007ffe96610000 - 0x00007ffe96624000 	C:\Program Files\Java\jdk1.8.0_241\jre\bin\javafx_font.dll
0x00007ffe86000000 - 0x00007ffe862fe000 	C:\Windows\SYSTEM32\dwrite.dll
0x00007ffea5a60000 - 0x00007ffea5a85000 	C:\Windows\SYSTEM32\USERENV.dll
0x00007ffea50c0000 - 0x00007ffea50fa000 	C:\Windows\SYSTEM32\IPHLPAPI.DLL
0x00007ffea8170000 - 0x00007ffea8178000 	C:\Windows\System32\NSI.dll
0x00007ffe9d000000 - 0x00007ffe9d016000 	C:\Windows\SYSTEM32\dhcpcsvc6.DLL
0x00007ffe9cfe0000 - 0x00007ffe9cffc000 	C:\Windows\SYSTEM32\dhcpcsvc.DLL
0x00007ffea5100000 - 0x00007ffea51ca000 	C:\Windows\SYSTEM32\DNSAPI.dll
0x00007ffe78270000 - 0x00007ffe78282000 	C:\Program Files\Java\jdk1.8.0_241\jre\bin\nio.dll
0x00007ffea1a30000 - 0x00007ffea1a3d000 	C:\Program Files\Java\jdk1.8.0_241\jre\bin\management.dll
0x000000006d580000 - 0x000000006d63d000 	C:\Users\akazx\AppData\Local\Temp\sqlite-3.8.11.2-ca26ba2a-cc7c-419c-878c-abb94ee1472d-sqlitejdbc.dll
0x00007ffea42b0000 - 0x00007ffea44a4000 	C:\Windows\SYSTEM32\dbghelp.dll

VM Arguments:
jvm_args: -javaagent:C:\Users\akazx\AppData\Local\JetBrains\Toolbox\apps\IDEA-U\ch-0\193.6911.18\lib\idea_rt.jar=62791:C:\Users\akazx\AppData\Local\JetBrains\Toolbox\apps\IDEA-U\ch-0\193.6911.18\bin -Dfile.encoding=UTF-8 
java_command: app.Main
java_class_path (initial): C:\Program Files\Java\jdk1.8.0_241\jre\lib\charsets.jar;C:\Program Files\Java\jdk1.8.0_241\jre\lib\deploy.jar;C:\Program Files\Java\jdk1.8.0_241\jre\lib\ext\access-bridge-64.jar;C:\Program Files\Java\jdk1.8.0_241\jre\lib\ext\cldrdata.jar;C:\Program Files\Java\jdk1.8.0_241\jre\lib\ext\dnsns.jar;C:\Program Files\Java\jdk1.8.0_241\jre\lib\ext\jaccess.jar;C:\Program Files\Java\jdk1.8.0_241\jre\lib\ext\jfxrt.jar;C:\Program Files\Java\jdk1.8.0_241\jre\lib\ext\localedata.jar;C:\Program Files\Java\jdk1.8.0_241\jre\lib\ext\nashorn.jar;C:\Program Files\Java\jdk1.8.0_241\jre\lib\ext\sunec.jar;C:\Program Files\Java\jdk1.8.0_241\jre\lib\ext\sunjce_provider.jar;C:\Program Files\Java\jdk1.8.0_241\jre\lib\ext\sunmscapi.jar;C:\Program Files\Java\jdk1.8.0_241\jre\lib\ext\sunpkcs11.jar;C:\Program Files\Java\jdk1.8.0_241\jre\lib\ext\zipfs.jar;C:\Program Files\Java\jdk1.8.0_241\jre\lib\javaws.jar;C:\Program Files\Java\jdk1.8.0_241\jre\lib\jce.jar;C:\Program Files\Java\jdk1.8.0_241\jre\lib\jfr.jar;C:\Program Files\Java\jdk1.8.0_241\jre\lib\jfxswt.jar;C:\Program Files\Java\jdk1.8.0_241\jre\lib\jsse.jar;C:\Program Files\Java\jdk1.8.0_241\jre\lib\management-agent.jar;C:\Program Files\Java\jdk1.8.0_241\jre\lib\plugin.jar;C:\Program Files\Java\jdk1.8.0_241\jre\lib\resources.jar;C:\Program Files\Java\jdk1.8.0_241\jre\lib\rt.jar;C:\Users\akazx\OneDrive\Desktop\GoodsIn\target\classes;C:\Users\akazx\.m2\repository\commons-lang\commons-lang\2.1\commons-lang-2.1.jar;C:\Users\akazx\.m2\repository\org\codehaus\plexus\plexus-utils\1.1\plexus-utils-1.1.jar;C:\Users\akazx\.m2\repository\com\jfoenix\jfoenix\8.0.8\jfoenix-8.0.8.jar;C:\Users\akazx\.m2\repository\com\calendarfx\view\8.6.1\view-8.6.1.jar;C:\Users\akazx\.m2\repository\com\calendarfx\recurrence\8.6.1\recurrence-8.6.1.jar;C:\Users\akazx\.m2\repository\joda-time\joda-time\2.9.1\joda-time-2.9.1.jar;C:\Users\akazx\.m2\repository\org\controlsfx\controlsfx\8.40.13\controlsfx-8.40.13.jar;C:\Users\akazx\.m2\repository\de\j
Launcher Type: SUN_STANDARD

Environment Variables:
JAVA_HOME=C:\Java13\jdk-13
PATH=C:\Program Files\NVIDIA GPU Computing Toolkit\CUDA\v10.2\bin;C:\Program Files\NVIDIA GPU Computing Toolkit\CUDA\v10.2\libnvvp;C:\Windows\system32;C:\Windows;C:\Windows\System32\Wbem;C:\Windows\System32\WindowsPowerShell\v1.0\;C:\Windows\System32\OpenSSH\;C:\Program Files\NVIDIA Corporation\NVIDIA NvDLISR;C:\Program Files (x86)\NVIDIA Corporation\PhysX\Common;C:\Program Files\dotnet\;C:\Program Files\apache-maven-3.6.3\bin;C:\Program Files\Microsoft SQL Server\130\Tools\Binn\;C:\Program Files\Microsoft SQL Server\Client SDK\ODBC\170\Tools\Binn\;C:\Program Files\Git\cmd;C:\Program Files\NVIDIA Corporation\Nsight Compute 2019.5.0\;C:\Java13\jdk-13\bin;C:\HashiCorp\Vagrant\bin;C:\PHP;C:\Program Files\PuTTY\;C:\Users\akazx\AppData\Local\Microsoft\WindowsApps;C:\Users\akazx\AppData\Local\GitHubDesktop\bin;C:\Program Files\GPAC;C:\Program Files\Microsoft VS Code\bin
USERNAME=akazx
OS=Windows_NT
PROCESSOR_IDENTIFIER=Intel64 Family 6 Model 158 Stepping 9, GenuineIntel



---------------  S Y S T E M  ---------------

OS: Windows 10.0 , 64 bit Build 18362 (10.0.18362.329)

CPU:total 4 (initial active 4) (4 cores per cpu, 1 threads per core) family 6 model 158 stepping 9, cmov, cx8, fxsr, mmx, sse, sse2, sse3, ssse3, sse4.1, sse4.2, popcnt, avx, avx2, aes, clmul, erms, 3dnowpref, lzcnt, tsc, tscinvbit, bmi1, bmi2, adx

Memory: 4k page, physical 16733004k(9281544k free), swap 19223372k(5897728k free)

vm_info: Java HotSpot(TM) 64-Bit Server VM (25.241-b07) for windows-amd64 JRE (1.8.0_241-b07), built on Dec 11 2019 10:21:40 by "rejava" with MS VC++ 10.0 (VS2010)

time: Fri Apr 03 19:52:54 2020
timezone: GMT Summer Time
elapsed time: 2 seconds (0d 0h 0m 2s)

