#
# A fatal error has been detected by the Java Runtime Environment:
#
#  EXCEPTION_ACCESS_VIOLATION (0xc0000005) at pc=0x00007ffea8c9b40d, pid=19792, tid=0x0000000000005464
#
# JRE version: Java(TM) SE Runtime Environment (8.0_241-b07) (build 1.8.0_241-b07)
# Java VM: Java HotSpot(TM) 64-Bit Server VM (25.241-b07 mixed mode windows-amd64 compressed oops)
# Problematic frame:
# C  [ntdll.dll+0x1b40d]
#
# Failed to write core dump. Minidumps are not enabled by default on client versions of Windows
#
# If you would like to submit a bug report, please visit:
#   http://bugreport.java.com/bugreport/crash.jsp
# The crash happened outside the Java Virtual Machine in native code.
# See problematic frame for where to report the bug.
#

---------------  T H R E A D  ---------------

Current thread (0x000000001e915800):  JavaThread "Calendar: Update Time Thread" daemon [_thread_in_native, id=21604, stack(0x0000000027ff0000,0x00000000280f0000)]

siginfo: ExceptionCode=0xc0000005, reading address 0xffffffffffffffff

Registers:
RAX=0x0000000000ad8000, RBX=0x0000000023a7e458, RCX=0x0061006b0061005c, RDX=0x00000000280eed98
RSP=0x00000000280eec60, RBP=0x00000000280eed68, RSI=0x0000000023aeb590, RDI=0x000000002691e768
R8 =0x0000000023a7e458, R9 =0x000000001e508d00, R10=0x0000000002cb97af, R11=0x000000005f39cfe0
R12=0x0000000000000000, R13=0x0000000028269a18, R14=0x00000000280eed98, R15=0x000000001e915800
RIP=0x00007ffea8c9b40d, EFLAGS=0x0000000000010206

Top of Stack: (sp=0x00000000280eec60)
0x00000000280eec60:   000000001e915800 00000000280eed68
0x00000000280eec70:   000000001e915800 000000001e915800
0x00000000280eec80:   00000000280eed18 000000006d5dd986
0x00000000280eec90:   000000001e615368 000000001e915800
0x00000000280eeca0:   0000000000000000 0000000000000003
0x00000000280eecb0:   000000001e8fac80 000000005f227f51
0x00000000280eecc0:   00000000280ef5f8 0000000028269a18
0x00000000280eecd0:   0000000000000000 0000000002cb97db
0x00000000280eece0:   000000002691e768 0000000002cb9550
0x00000000280eecf0:   000000001e915800 0000000028269a18
0x00000000280eed00:   00000000280eed48 000000001ba423f0
0x00000000280eed10:   0000000002cb950a 0000000000000003
0x00000000280eed20:   000000076b387828 00000000280eed18
0x00000000280eed30:   0000000028269a18 00000000280eed98
0x00000000280eed40:   00000000282baa48 0000000000000000
0x00000000280eed50:   0000000028269a18 0000000000000000 

Instructions: (pc=0x00007ffea8c9b40d)
0x00007ffea8c9b3ed:   83 c4 20 41 5e c3 f0 ff 43 3c eb c8 cc cc cc cc
0x00007ffea8c9b3fd:   cc cc cc 48 83 ec 28 65 48 8b 04 25 30 00 00 00
0x00007ffea8c9b40d:   f0 0f ba 71 08 00 48 8b 40 48 73 12 48 89 41 10
0x00007ffea8c9b41d:   33 c0 c7 41 0c 01 00 00 00 48 83 c4 28 c3 48 39 


Register to memory mapping:

RAX=0x0000000000ad8000 is an unknown value
RBX=0x0000000023a7e458 is an unknown value
RCX=0x0061006b0061005c is an unknown value
RDX=0x00000000280eed98 is pointing into the stack for thread: 0x000000001e915800
RSP=0x00000000280eec60 is pointing into the stack for thread: 0x000000001e915800
RBP=0x00000000280eed68 is pointing into the stack for thread: 0x000000001e915800
RSI=0x0000000023aeb590 is an unknown value
RDI=0x000000002691e768 is pointing into metadata
R8 =0x0000000023a7e458 is an unknown value
R9 =0x000000001e508d00 is an unknown value
R10=0x0000000002cb97af is at code_begin+1295 in an Interpreter codelet
method entry point (kind = native_synchronized)  [0x0000000002cb92a0, 0x0000000002cb9e00]  2912 bytes
R11=0x000000005f39cfe0 is an unknown value
R12=0x0000000000000000 is an unknown value
R13={method} {0x0000000028269a20} 'reset' '(J)I' in 'org/sqlite/core/NativeDB'
R14=0x00000000280eed98 is pointing into the stack for thread: 0x000000001e915800
R15=0x000000001e915800 is a thread


Stack: [0x0000000027ff0000,0x00000000280f0000],  sp=0x00000000280eec60,  free space=1019k
Native frames: (J=compiled Java code, j=interpreted, Vv=VM code, C=native code)
C  [ntdll.dll+0x1b40d]
C  [sqlite-3.8.11.2-0e069c21-2851-4182-b777-c632b1121ac1-sqlitejdbc.dll+0x5d986]
C  0x0000000002cb97db

Java frames: (J=compiled Java code, j=interpreted, Vv=VM code)
j  org.sqlite.core.NativeDB.reset(J)I+0
j  org.sqlite.core.CoreResultSet.close()V+81
j  org.sqlite.core.CoreStatement.internalClose()V+34
j  org.sqlite.jdbc3.JDBC3Statement.close()V+33
j  org.apache.commons.dbcp2.DelegatingStatement.close()V+157
j  org.apache.commons.dbcp2.DelegatingStatement.close()V+157
j  app.controller.sql.SQLiteJDBC.close()V+23
j  app.controller.sql.dao.SupplierOrderDao.getByPo(Ljava/lang/Object;)Lapp/pojos/SupplierOrders;+36
j  app.controller.sql.serviceClasses.ScheduleEntryService.lambda$getScheduleEntries$0(Ljava/util/List;Lapp/pojos/ScheduleDetails;)V+11
j  app.controller.sql.serviceClasses.ScheduleEntryService$$Lambda$206.accept(Ljava/lang/Object;)V+8
j  java.util.ArrayList.forEach(Ljava/util/function/Consumer;)V+47
j  app.controller.sql.serviceClasses.ScheduleEntryService.getScheduleEntries(Ljava/util/List;)Ljava/util/List;+15
j  app.controller.sql.serviceClasses.ScheduleEntryService.getDeliveriesFromDb(Ljava/time/LocalDate;Ljava/time/LocalDate;)Ljava/util/List;+14
j  app.controller.schedule.CalendarViewController.loadCalendarEntries()V+18
j  app.controller.schedule.CalendarViewController.access$100()V+0
j  app.controller.schedule.CalendarViewController$1.run()V+15
v  ~StubRoutines::call_stub

---------------  P R O C E S S  ---------------

Java Threads: ( => current thread )
=>0x000000001e915800 JavaThread "Calendar: Update Time Thread" daemon [_thread_in_native, id=21604, stack(0x0000000027ff0000,0x00000000280f0000)]
  0x000000001e9aa800 JavaThread "Prism Font Disposer" daemon [_thread_blocked, id=15364, stack(0x0000000026640000,0x0000000026740000)]
  0x000000001e567000 JavaThread "Thread-3" daemon [_thread_in_native, id=14284, stack(0x0000000025f40000,0x0000000026040000)]
  0x000000001e510000 JavaThread "JavaFX-Launcher" [_thread_blocked, id=13652, stack(0x0000000026040000,0x0000000026140000)]
  0x000000001e46b800 JavaThread "JavaFX Application Thread" [_thread_blocked, id=2148, stack(0x000000001f640000,0x000000001f740000)]
  0x000000001e455000 JavaThread "Thread-1" daemon [_thread_blocked, id=21844, stack(0x000000001f540000,0x000000001f640000)]
  0x000000001e44c000 JavaThread "QuantumRenderer-0" daemon [_thread_blocked, id=8848, stack(0x000000001ed20000,0x000000001ee20000)]
  0x000000001dade800 JavaThread "Service Thread" daemon [_thread_blocked, id=15592, stack(0x000000001e160000,0x000000001e260000)]
  0x000000001dad5000 JavaThread "C1 CompilerThread2" daemon [_thread_blocked, id=21220, stack(0x000000001e060000,0x000000001e160000)]
  0x000000001da76000 JavaThread "C2 CompilerThread1" daemon [_thread_in_native, id=14316, stack(0x000000001df60000,0x000000001e060000)]
  0x000000001da73800 JavaThread "C2 CompilerThread0" daemon [_thread_blocked, id=21564, stack(0x000000001de60000,0x000000001df60000)]
  0x000000001d99e000 JavaThread "Monitor Ctrl-Break" daemon [_thread_in_native, id=22416, stack(0x000000001dd60000,0x000000001de60000)]
  0x000000001c31a000 JavaThread "Attach Listener" daemon [_thread_blocked, id=16644, stack(0x000000001d860000,0x000000001d960000)]
  0x000000001c316800 JavaThread "Signal Dispatcher" daemon [_thread_blocked, id=15308, stack(0x000000001d760000,0x000000001d860000)]
  0x0000000002c9c800 JavaThread "Finalizer" daemon [_thread_blocked, id=21832, stack(0x000000001d560000,0x000000001d660000)]
  0x0000000002c94000 JavaThread "Reference Handler" daemon [_thread_blocked, id=9124, stack(0x000000001d460000,0x000000001d560000)]
  0x0000000002ba3800 JavaThread "main" [_thread_blocked, id=15232, stack(0x0000000002980000,0x0000000002a80000)]

Other Threads:
  0x000000001c2d7000 VMThread [stack: 0x000000001d360000,0x000000001d460000] [id=12072]
  0x000000001daef800 WatcherThread [stack: 0x000000001e260000,0x000000001e360000] [id=22188]

VM state:not at safepoint (normal execution)

VM Mutex/Monitor currently owned by a thread: None

heap address: 0x00000006c0a00000, size: 4086 MB, Compressed Oops mode: Zero based, Oop shift amount: 3
Narrow klass base: 0x0000000000000000, Narrow klass shift: 3
Compressed class space size: 1073741824 Address: 0x00000007c0000000

Heap:
 PSYoungGen      total 76288K, used 10475K [0x000000076ae00000, 0x0000000770300000, 0x00000007c0000000)
  eden space 65536K, 15% used [0x000000076ae00000,0x000000076b83af48,0x000000076ee00000)
  from space 10752K, 0% used [0x000000076ee00000,0x000000076ee00000,0x000000076f880000)
  to   space 10752K, 0% used [0x000000076f880000,0x000000076f880000,0x0000000770300000)
 ParOldGen       total 125952K, used 8735K [0x00000006c0a00000, 0x00000006c8500000, 0x000000076ae00000)
  object space 125952K, 6% used [0x00000006c0a00000,0x00000006c1287ef0,0x00000006c8500000)
 Metaspace       used 22347K, capacity 23418K, committed 23680K, reserved 1069056K
  class space    used 3236K, capacity 3446K, committed 3456K, reserved 1048576K

Card table byte_map: [0x0000000012060000,0x0000000012860000] byte_map_base: 0x000000000ea5b000

Marking Bits: (ParMarkBitMap*) 0x000000005f99be30
 Begin Bits: [0x00000000131c0000, 0x0000000017198000)
 End Bits:   [0x0000000017198000, 0x000000001b170000)

Polling page: 0x0000000001040000

CodeCache: size=245760Kb used=5565Kb max_used=5572Kb free=240194Kb
 bounds [0x0000000002ca0000, 0x0000000003220000, 0x0000000011ca0000]
 total_blobs=2210 nmethods=1634 adapters=487
 compilation: enabled

Compilation events (10 events):
Event: 2.738 Thread 0x000000001dad5000 1517       3       java.time.temporal.TemporalQueries::localDate (4 bytes)
Event: 2.738 Thread 0x000000001dad5000 nmethod 1517 0x00000000031af010 code [0x00000000031af160, 0x00000000031af290]
Event: 2.738 Thread 0x000000001dad5000 1518       3       javafx.beans.property.SimpleObjectProperty::<init> (10 bytes)
Event: 2.739 Thread 0x000000001da73800 nmethod 1509 0x00000000031b22d0 code [0x00000000031b2440, 0x00000000031b27e8]
Event: 2.739 Thread 0x000000001dad5000 nmethod 1518 0x00000000031b1ad0 code [0x00000000031b1c60, 0x00000000031b2090]
Event: 2.739 Thread 0x000000001dad5000 1519   !   3       org.apache.commons.dbcp2.DelegatingResultSet::getInt (19 bytes)
Event: 2.739 Thread 0x000000001dad5000 nmethod 1519 0x00000000031b1550 code [0x00000000031b16c0, 0x00000000031b19b8]
Event: 2.740 Thread 0x000000001dad5000 1520       3       java.nio.Buffer::<init> (121 bytes)
Event: 2.740 Thread 0x000000001dad5000 nmethod 1520 0x00000000031af450 code [0x00000000031af720, 0x00000000031b0bc8]
Event: 2.740 Thread 0x000000001dad5000 1521       3       java.nio.Buffer::hasRemaining (17 bytes)

GC Heap History (4 events):
Event: 2.586 GC heap before
{Heap before GC invocations=1 (full 0):
 PSYoungGen      total 76288K, used 64382K [0x000000076ae00000, 0x0000000770300000, 0x00000007c0000000)
  eden space 65536K, 98% used [0x000000076ae00000,0x000000076ecdf928,0x000000076ee00000)
  from space 10752K, 0% used [0x000000076f880000,0x000000076f880000,0x0000000770300000)
  to   space 10752K, 0% used [0x000000076ee00000,0x000000076ee00000,0x000000076f880000)
 ParOldGen       total 175104K, used 0K [0x00000006c0a00000, 0x00000006cb500000, 0x000000076ae00000)
  object space 175104K, 0% used [0x00000006c0a00000,0x00000006c0a00000,0x00000006cb500000)
 Metaspace       used 20318K, capacity 21132K, committed 21296K, reserved 1067008K
  class space    used 2895K, capacity 3091K, committed 3200K, reserved 1048576K
Event: 2.594 GC heap after
Heap after GC invocations=1 (full 0):
 PSYoungGen      total 76288K, used 8809K [0x000000076ae00000, 0x0000000770300000, 0x00000007c0000000)
  eden space 65536K, 0% used [0x000000076ae00000,0x000000076ae00000,0x000000076ee00000)
  from space 10752K, 81% used [0x000000076ee00000,0x000000076f69a7a8,0x000000076f880000)
  to   space 10752K, 0% used [0x000000076f880000,0x000000076f880000,0x0000000770300000)
 ParOldGen       total 175104K, used 80K [0x00000006c0a00000, 0x00000006cb500000, 0x000000076ae00000)
  object space 175104K, 0% used [0x00000006c0a00000,0x00000006c0a14010,0x00000006cb500000)
 Metaspace       used 20318K, capacity 21132K, committed 21296K, reserved 1067008K
  class space    used 2895K, capacity 3091K, committed 3200K, reserved 1048576K
}
Event: 2.594 GC heap before
{Heap before GC invocations=2 (full 1):
 PSYoungGen      total 76288K, used 8809K [0x000000076ae00000, 0x0000000770300000, 0x00000007c0000000)
  eden space 65536K, 0% used [0x000000076ae00000,0x000000076ae00000,0x000000076ee00000)
  from space 10752K, 81% used [0x000000076ee00000,0x000000076f69a7a8,0x000000076f880000)
  to   space 10752K, 0% used [0x000000076f880000,0x000000076f880000,0x0000000770300000)
 ParOldGen       total 175104K, used 80K [0x00000006c0a00000, 0x00000006cb500000, 0x000000076ae00000)
  object space 175104K, 0% used [0x00000006c0a00000,0x00000006c0a14010,0x00000006cb500000)
 Metaspace       used 20318K, capacity 21132K, committed 21296K, reserved 1067008K
  class space    used 2895K, capacity 3091K, committed 3200K, reserved 1048576K
Event: 2.621 GC heap after
Heap after GC invocations=2 (full 1):
 PSYoungGen      total 76288K, used 0K [0x000000076ae00000, 0x0000000770300000, 0x00000007c0000000)
  eden space 65536K, 0% used [0x000000076ae00000,0x000000076ae00000,0x000000076ee00000)
  from space 10752K, 0% used [0x000000076ee00000,0x000000076ee00000,0x000000076f880000)
  to   space 10752K, 0% used [0x000000076f880000,0x000000076f880000,0x0000000770300000)
 ParOldGen       total 125952K, used 8735K [0x00000006c0a00000, 0x00000006c8500000, 0x000000076ae00000)
  object space 125952K, 6% used [0x00000006c0a00000,0x00000006c1287ef0,0x00000006c8500000)
 Metaspace       used 20318K, capacity 21132K, committed 21296K, reserved 1067008K
  class space    used 2895K, capacity 3091K, committed 3200K, reserved 1048576K
}

Deoptimization events (10 events):
Event: 1.047 Thread 0x000000001e46b800 Uncommon trap: reason=class_check action=maybe_recompile pc=0x000000000301c678 method=java.util.HashMap.putVal(ILjava/lang/Object;Ljava/lang/Object;ZZ)Ljava/lang/Object; @ 253
Event: 1.959 Thread 0x000000001e46b800 Uncommon trap: reason=unstable_if action=reinterpret pc=0x0000000002fd9d08 method=java.lang.String.regionMatches(ZILjava/lang/String;II)Z @ 123
Event: 2.239 Thread 0x000000001e46b800 Uncommon trap: reason=unstable_if action=reinterpret pc=0x000000000308eb60 method=java.util.concurrent.ConcurrentHashMap.putVal(Ljava/lang/Object;Ljava/lang/Object;Z)Ljava/lang/Object; @ 113
Event: 2.465 Thread 0x000000001e915800 Uncommon trap: reason=unstable_if action=reinterpret pc=0x0000000002fa7d88 method=sun.net.www.ParseUtil.encodePath(Ljava/lang/String;Z)Ljava/lang/String; @ 109
Event: 2.477 Thread 0x000000001e915800 Uncommon trap: reason=unstable_if action=reinterpret pc=0x0000000002ef3410 method=java.lang.AbstractStringBuilder.append(Ljava/lang/String;)Ljava/lang/AbstractStringBuilder; @ 1
Event: 2.543 Thread 0x000000001e915800 Uncommon trap: reason=class_check action=maybe_recompile pc=0x00000000030719e8 method=java.util.HashMap.putVal(ILjava/lang/Object;Ljava/lang/Object;ZZ)Ljava/lang/Object; @ 203
Event: 2.543 Thread 0x000000001e915800 Uncommon trap: reason=class_check action=maybe_recompile pc=0x00000000030719e8 method=java.util.HashMap.putVal(ILjava/lang/Object;Ljava/lang/Object;ZZ)Ljava/lang/Object; @ 203
Event: 2.639 Thread 0x000000001e915800 Uncommon trap: reason=unstable_if action=reinterpret pc=0x00000000030f11ec method=java.lang.ref.SoftReference.get()Ljava/lang/Object; @ 17
Event: 2.685 Thread 0x000000001e915800 Uncommon trap: reason=unstable_if action=reinterpret pc=0x000000000319a8cc method=org.sqlite.SQLiteJDBCLoader.contentsEquals(Ljava/io/InputStream;Ljava/io/InputStream;)Z @ 39
Event: 2.727 Thread 0x000000001e915800 Uncommon trap: reason=unstable_if action=reinterpret pc=0x0000000002ec5608 method=java.lang.AbstractStringBuilder.append(Ljava/lang/String;)Ljava/lang/AbstractStringBuilder; @ 1

Classes redefined (0 events):
No events

Internal exceptions (10 events):
Event: 2.539 Thread 0x000000001e915800 Exception <a 'java/lang/ArrayIndexOutOfBoundsException'> (0x000000076eb85d80) thrown at [C:\ade\jenkins\workspace\8-2-build-windows-amd64-cygwin\jdk8u241\331\hotspot\src\share\vm\runtime\sharedRuntime.cpp, line 605]
Event: 2.539 Thread 0x000000001e915800 Exception <a 'java/lang/ArrayIndexOutOfBoundsException'> (0x000000076eb89588) thrown at [C:\ade\jenkins\workspace\8-2-build-windows-amd64-cygwin\jdk8u241\331\hotspot\src\share\vm\runtime\sharedRuntime.cpp, line 605]
Event: 2.559 Thread 0x000000001e915800 Exception <a 'java/lang/ArrayIndexOutOfBoundsException'> (0x000000076ebb68f8) thrown at [C:\ade\jenkins\workspace\8-2-build-windows-amd64-cygwin\jdk8u241\331\hotspot\src\share\vm\runtime\sharedRuntime.cpp, line 605]
Event: 2.559 Thread 0x000000001e915800 Exception <a 'java/lang/ArrayIndexOutOfBoundsException'> (0x000000076ebb7ae8) thrown at [C:\ade\jenkins\workspace\8-2-build-windows-amd64-cygwin\jdk8u241\331\hotspot\src\share\vm\runtime\sharedRuntime.cpp, line 605]
Event: 2.559 Thread 0x000000001e915800 Exception <a 'java/lang/ArrayIndexOutOfBoundsException'> (0x000000076ebba470) thrown at [C:\ade\jenkins\workspace\8-2-build-windows-amd64-cygwin\jdk8u241\331\hotspot\src\share\vm\runtime\sharedRuntime.cpp, line 605]
Event: 2.566 Thread 0x000000001e915800 Exception <a 'java/lang/ArrayIndexOutOfBoundsException'> (0x000000076ebe7128) thrown at [C:\ade\jenkins\workspace\8-2-build-windows-amd64-cygwin\jdk8u241\331\hotspot\src\share\vm\runtime\sharedRuntime.cpp, line 605]
Event: 2.569 Thread 0x000000001e915800 Exception <a 'java/lang/ArrayIndexOutOfBoundsException'> (0x000000076ebfbf40) thrown at [C:\ade\jenkins\workspace\8-2-build-windows-amd64-cygwin\jdk8u241\331\hotspot\src\share\vm\runtime\sharedRuntime.cpp, line 605]
Event: 2.726 Thread 0x000000001e915800 Exception <a 'java/lang/NoSuchMethodError': java.lang.Object.lambda$comparing$77a9974f$1(Ljava/util/function/Function;Ljava/lang/Object;Ljava/lang/Object;)I> (0x000000076b2c3ac8) thrown at [C:\ade\jenkins\workspace\8-2-build-windows-amd64-cygwin\jdk8u241\
Event: 2.727 Thread 0x000000001e915800 Implicit null exception at 0x0000000002ec5256 to 0x0000000002ec55f1
Event: 2.728 Thread 0x000000001e915800 Exception <a 'java/lang/NullPointerException'> (0x000000076b2d6bf0) thrown at [C:\ade\jenkins\workspace\8-2-build-windows-amd64-cygwin\jdk8u241\331\hotspot\src\share\vm\interpreter\linkResolver.cpp, line 1185]

Events (10 events):
Event: 2.733 loading class app/controller/rmt/materials/MaterialListDrawerController
Event: 2.733 loading class app/controller/rmt/materials/MaterialListDrawerController done
Event: 2.734 loading class app/controller/suppliersView/MainSupplierController
Event: 2.734 loading class app/controller/suppliersView/MainSupplierController done
Event: 2.736 loading class app/controller/suppliersView/SupplierDrawerController
Event: 2.736 loading class app/controller/suppliersView/SupplierDrawerController done
Event: 2.737 loading class app/controller/suppliersView/SupplierDrawerController$1
Event: 2.737 loading class app/controller/suppliersView/SupplierDrawerController$1 done
Event: 2.739 loading class java/sql/SQLWarning
Event: 2.739 loading class java/sql/SQLWarning done


Dynamic libraries:
0x00007ff632c20000 - 0x00007ff632c57000 	C:\Program Files\Java\jdk1.8.0_241\bin\java.exe
0x00007ffea8c80000 - 0x00007ffea8e70000 	C:\Windows\SYSTEM32\ntdll.dll
0x00007ffea7d00000 - 0x00007ffea7db2000 	C:\Windows\System32\KERNEL32.DLL
0x00007ffea6690000 - 0x00007ffea6933000 	C:\Windows\System32\KERNELBASE.dll
0x00007ffea8ae0000 - 0x00007ffea8b83000 	C:\Windows\System32\ADVAPI32.dll
0x00007ffea7330000 - 0x00007ffea73ce000 	C:\Windows\System32\msvcrt.dll
0x00007ffea87c0000 - 0x00007ffea8857000 	C:\Windows\System32\sechost.dll
0x00007ffea8230000 - 0x00007ffea8350000 	C:\Windows\System32\RPCRT4.dll
0x00007ffea8860000 - 0x00007ffea89f4000 	C:\Windows\System32\USER32.dll
0x00007ffea5c10000 - 0x00007ffea5c31000 	C:\Windows\System32\win32u.dll
0x00007ffea7130000 - 0x00007ffea7156000 	C:\Windows\System32\GDI32.dll
0x00007ffea6ab0000 - 0x00007ffea6c44000 	C:\Windows\System32\gdi32full.dll
0x00007ffea69c0000 - 0x00007ffea6a5e000 	C:\Windows\System32\msvcp_win.dll
0x00007ffea5e10000 - 0x00007ffea5f0a000 	C:\Windows\System32\ucrtbase.dll
0x00007ffe99a80000 - 0x00007ffe99d05000 	C:\Windows\WinSxS\amd64_microsoft.windows.common-controls_6595b64144ccf1df_6.0.18362.720_none_e6beb5c51314836b\COMCTL32.dll
0x00007ffea6df0000 - 0x00007ffea7126000 	C:\Windows\System32\combase.dll
0x00007ffea6940000 - 0x00007ffea69c0000 	C:\Windows\System32\bcryptPrimitives.dll
0x00007ffea8140000 - 0x00007ffea816e000 	C:\Windows\System32\IMM32.DLL
0x0000000060430000 - 0x0000000060502000 	C:\Program Files\Java\jdk1.8.0_241\jre\bin\msvcr100.dll
0x000000005f170000 - 0x000000005fa1c000 	C:\Program Files\Java\jdk1.8.0_241\jre\bin\server\jvm.dll
0x00007ffea8ad0000 - 0x00007ffea8ad8000 	C:\Windows\System32\PSAPI.DLL
0x00007ffe94100000 - 0x00007ffe94109000 	C:\Windows\SYSTEM32\WSOCK32.dll
0x00007ffea2f40000 - 0x00007ffea2f64000 	C:\Windows\SYSTEM32\WINMM.dll
0x00007ffea80d0000 - 0x00007ffea813f000 	C:\Windows\System32\WS2_32.dll
0x00007ffe9d070000 - 0x00007ffe9d07a000 	C:\Windows\SYSTEM32\VERSION.dll
0x00007ffea2f10000 - 0x00007ffea2f3d000 	C:\Windows\SYSTEM32\WINMMBASE.dll
0x00007ffea6a60000 - 0x00007ffea6aaa000 	C:\Windows\System32\cfgmgr32.dll
0x00007ffe9e220000 - 0x00007ffe9e22f000 	C:\Program Files\Java\jdk1.8.0_241\jre\bin\verify.dll
0x00007ffe7ae40000 - 0x00007ffe7ae69000 	C:\Program Files\Java\jdk1.8.0_241\jre\bin\java.dll
0x00007ffe958c0000 - 0x00007ffe958e3000 	C:\Program Files\Java\jdk1.8.0_241\jre\bin\instrument.dll
0x00007ffe79150000 - 0x00007ffe79166000 	C:\Program Files\Java\jdk1.8.0_241\jre\bin\zip.dll
0x00007ffea7610000 - 0x00007ffea7cf5000 	C:\Windows\System32\SHELL32.dll
0x00007ffea8180000 - 0x00007ffea8229000 	C:\Windows\System32\shcore.dll
0x00007ffea5f10000 - 0x00007ffea6690000 	C:\Windows\System32\windows.storage.dll
0x00007ffea5be0000 - 0x00007ffea5c03000 	C:\Windows\System32\profapi.dll
0x00007ffea5b90000 - 0x00007ffea5bda000 	C:\Windows\System32\powrprof.dll
0x00007ffea5b40000 - 0x00007ffea5b50000 	C:\Windows\System32\UMPDC.dll
0x00007ffea6d30000 - 0x00007ffea6d82000 	C:\Windows\System32\shlwapi.dll
0x00007ffea5b70000 - 0x00007ffea5b81000 	C:\Windows\System32\kernel.appcore.dll
0x00007ffea5df0000 - 0x00007ffea5e07000 	C:\Windows\System32\cryptsp.dll
0x00007ffe9e310000 - 0x00007ffe9e32a000 	C:\Users\akazx\AppData\Local\JetBrains\Toolbox\apps\IDEA-U\ch-0\193.6911.18\bin\breakgen64.dll
0x00007ffe78dd0000 - 0x00007ffe78dea000 	C:\Program Files\Java\jdk1.8.0_241\jre\bin\net.dll
0x00007ffea53b0000 - 0x00007ffea5417000 	C:\Windows\system32\mswsock.dll
0x00000000010b0000 - 0x00000000010b3000 	C:\Program Files\Java\jdk1.8.0_241\jre\bin\api-ms-win-core-console-l1-1-0.dll
0x00000000010d0000 - 0x00000000010d3000 	C:\Program Files\Java\jdk1.8.0_241\jre\bin\api-ms-win-core-datetime-l1-1-0.dll
0x00000000010e0000 - 0x00000000010e3000 	C:\Program Files\Java\jdk1.8.0_241\jre\bin\api-ms-win-core-debug-l1-1-0.dll
0x00000000028f0000 - 0x00000000028f3000 	C:\Program Files\Java\jdk1.8.0_241\jre\bin\api-ms-win-core-errorhandling-l1-1-0.dll
0x0000000002900000 - 0x0000000002904000 	C:\Program Files\Java\jdk1.8.0_241\jre\bin\api-ms-win-core-file-l1-1-0.dll
0x0000000002910000 - 0x0000000002913000 	C:\Program Files\Java\jdk1.8.0_241\jre\bin\api-ms-win-core-file-l1-2-0.dll
0x0000000002920000 - 0x0000000002923000 	C:\Program Files\Java\jdk1.8.0_241\jre\bin\api-ms-win-core-file-l2-1-0.dll
0x0000000002930000 - 0x0000000002933000 	C:\Program Files\Java\jdk1.8.0_241\jre\bin\api-ms-win-core-handle-l1-1-0.dll
0x0000000002940000 - 0x0000000002943000 	C:\Program Files\Java\jdk1.8.0_241\jre\bin\api-ms-win-core-heap-l1-1-0.dll
0x0000000002950000 - 0x0000000002953000 	C:\Program Files\Java\jdk1.8.0_241\jre\bin\api-ms-win-core-interlocked-l1-1-0.dll
0x0000000002960000 - 0x0000000002963000 	C:\Program Files\Java\jdk1.8.0_241\jre\bin\api-ms-win-core-libraryloader-l1-1-0.dll
0x0000000002b80000 - 0x0000000002b83000 	C:\Program Files\Java\jdk1.8.0_241\jre\bin\api-ms-win-core-localization-l1-2-0.dll
0x000000001eb60000 - 0x000000001eb63000 	C:\Program Files\Java\jdk1.8.0_241\jre\bin\api-ms-win-core-memory-l1-1-0.dll
0x000000001eb70000 - 0x000000001eb73000 	C:\Program Files\Java\jdk1.8.0_241\jre\bin\api-ms-win-core-namedpipe-l1-1-0.dll
0x000000001eb80000 - 0x000000001eb83000 	C:\Program Files\Java\jdk1.8.0_241\jre\bin\api-ms-win-core-processenvironment-l1-1-0.dll
0x000000001eb90000 - 0x000000001eb93000 	C:\Program Files\Java\jdk1.8.0_241\jre\bin\api-ms-win-core-processthreads-l1-1-0.dll
0x000000001eba0000 - 0x000000001eba3000 	C:\Program Files\Java\jdk1.8.0_241\jre\bin\api-ms-win-core-processthreads-l1-1-1.dll
0x000000001ebb0000 - 0x000000001ebb3000 	C:\Program Files\Java\jdk1.8.0_241\jre\bin\api-ms-win-core-profile-l1-1-0.dll
0x000000001ebc0000 - 0x000000001ebc3000 	C:\Program Files\Java\jdk1.8.0_241\jre\bin\api-ms-win-core-rtlsupport-l1-1-0.dll
0x000000001ebd0000 - 0x000000001ebd3000 	C:\Program Files\Java\jdk1.8.0_241\jre\bin\api-ms-win-core-string-l1-1-0.dll
0x000000001ebe0000 - 0x000000001ebe3000 	C:\Program Files\Java\jdk1.8.0_241\jre\bin\api-ms-win-core-synch-l1-1-0.dll
0x000000001ebf0000 - 0x000000001ebf3000 	C:\Program Files\Java\jdk1.8.0_241\jre\bin\api-ms-win-core-synch-l1-2-0.dll
0x000000001ec00000 - 0x000000001ec03000 	C:\Program Files\Java\jdk1.8.0_241\jre\bin\api-ms-win-core-sysinfo-l1-1-0.dll
0x000000001ec10000 - 0x000000001ec13000 	C:\Program Files\Java\jdk1.8.0_241\jre\bin\api-ms-win-core-timezone-l1-1-0.dll
0x000000001ec20000 - 0x000000001ec23000 	C:\Program Files\Java\jdk1.8.0_241\jre\bin\api-ms-win-core-util-l1-1-0.dll
0x000000001ec30000 - 0x000000001ec33000 	C:\Program Files\Java\jdk1.8.0_241\jre\bin\api-ms-win-crt-conio-l1-1-0.dll
0x000000001ec40000 - 0x000000001ec44000 	C:\Program Files\Java\jdk1.8.0_241\jre\bin\api-ms-win-crt-convert-l1-1-0.dll
0x000000001ec50000 - 0x000000001ec53000 	C:\Program Files\Java\jdk1.8.0_241\jre\bin\api-ms-win-crt-environment-l1-1-0.dll
0x000000001ec60000 - 0x000000001ec63000 	C:\Program Files\Java\jdk1.8.0_241\jre\bin\api-ms-win-crt-filesystem-l1-1-0.dll
0x000000001ec70000 - 0x000000001ec73000 	C:\Program Files\Java\jdk1.8.0_241\jre\bin\api-ms-win-crt-heap-l1-1-0.dll
0x000000001ec80000 - 0x000000001ec83000 	C:\Program Files\Java\jdk1.8.0_241\jre\bin\api-ms-win-crt-locale-l1-1-0.dll
0x000000001ec90000 - 0x000000001ec95000 	C:\Program Files\Java\jdk1.8.0_241\jre\bin\api-ms-win-crt-math-l1-1-0.dll
0x000000001eca0000 - 0x000000001eca5000 	C:\Program Files\Java\jdk1.8.0_241\jre\bin\api-ms-win-crt-multibyte-l1-1-0.dll
0x000000001ecb0000 - 0x000000001ecc0000 	C:\Program Files\Java\jdk1.8.0_241\jre\bin\api-ms-win-crt-private-l1-1-0.dll
0x000000001ecc0000 - 0x000000001ecc3000 	C:\Program Files\Java\jdk1.8.0_241\jre\bin\api-ms-win-crt-process-l1-1-0.dll
0x000000001ecd0000 - 0x000000001ecd4000 	C:\Program Files\Java\jdk1.8.0_241\jre\bin\api-ms-win-crt-runtime-l1-1-0.dll
0x000000001ece0000 - 0x000000001ece4000 	C:\Program Files\Java\jdk1.8.0_241\jre\bin\api-ms-win-crt-stdio-l1-1-0.dll
0x000000001ecf0000 - 0x000000001ecf4000 	C:\Program Files\Java\jdk1.8.0_241\jre\bin\api-ms-win-crt-string-l1-1-0.dll
0x000000001ed00000 - 0x000000001ed03000 	C:\Program Files\Java\jdk1.8.0_241\jre\bin\api-ms-win-crt-time-l1-1-0.dll
0x000000001ed10000 - 0x000000001ed13000 	C:\Program Files\Java\jdk1.8.0_241\jre\bin\api-ms-win-crt-utility-l1-1-0.dll
0x00007ffe79640000 - 0x00007ffe7973c000 	C:\Program Files\Java\jdk1.8.0_241\jre\bin\ucrtbase.dll
0x00007ffe9e290000 - 0x00007ffe9e2a5000 	C:\Program Files\Java\jdk1.8.0_241\jre\bin\vcruntime140.dll
0x00007ffe8d8f0000 - 0x00007ffe8d98b000 	C:\Program Files\Java\jdk1.8.0_241\jre\bin\msvcp140.dll
0x00007ffe88300000 - 0x00007ffe88351000 	C:\Program Files\Java\jdk1.8.0_241\jre\bin\concrt140.dll
0x00007ffe955d0000 - 0x00007ffe955f3000 	C:\Program Files\Java\jdk1.8.0_241\jre\bin\prism_d3d.dll
0x00007ffe9b2c0000 - 0x00007ffe9b487000 	C:\Windows\system32\d3d9.dll
0x00007ffea3770000 - 0x00007ffea379d000 	C:\Windows\SYSTEM32\dwmapi.dll
0x00007ffea47b0000 - 0x00007ffea47d0000 	C:\Windows\SYSTEM32\dxcore.dll
0x00007ffea3350000 - 0x00007ffea33e9000 	C:\Windows\system32\uxtheme.dll
0x00007ffe9d080000 - 0x00007ffe9d16f000 	C:\Windows\System32\DriverStore\FileRepository\nvami.inf_amd64_856ec29e64962cfb\nvldumdx.dll
0x00007ffea5c40000 - 0x00007ffea5d89000 	C:\Windows\System32\crypt32.dll
0x00007ffea5b50000 - 0x00007ffea5b62000 	C:\Windows\System32\MSASN1.dll
0x00007ffe9d020000 - 0x00007ffe9d04f000 	C:\Windows\SYSTEM32\cryptnet.dll
0x00007ffea5580000 - 0x00007ffea558c000 	C:\Windows\SYSTEM32\cryptbase.dll
0x00007ffea5d90000 - 0x00007ffea5dec000 	C:\Windows\System32\WINTRUST.DLL
0x00007ffea7240000 - 0x00007ffea725d000 	C:\Windows\System32\imagehlp.dll
0x00007ffea4f20000 - 0x00007ffea4f53000 	C:\Windows\system32\rsaenh.dll
0x00007ffea6d00000 - 0x00007ffea6d26000 	C:\Windows\System32\bcrypt.dll
0x00007ffe5ae30000 - 0x00007ffe5c353000 	C:\Windows\System32\DriverStore\FileRepository\nvami.inf_amd64_856ec29e64962cfb\nvd3dumx.dll
0x00007ffe88160000 - 0x00007ffe881a5000 	C:\Program Files\Java\jdk1.8.0_241\jre\bin\glass.dll
0x00007ffea7260000 - 0x00007ffea7330000 	C:\Windows\System32\COMDLG32.dll
0x00007ffea7f70000 - 0x00007ffea80c7000 	C:\Windows\System32\ole32.dll
0x00007ffea8a00000 - 0x00007ffea8ac4000 	C:\Windows\System32\OLEAUT32.dll
0x00007ffea73d0000 - 0x00007ffea7506000 	C:\Windows\System32\MSCTF.dll
0x00007ffe72880000 - 0x00007ffe72b44000 	C:\Windows\system32\nvspcap64.dll
0x00007ffea4cb0000 - 0x00007ffea4ce1000 	C:\Windows\SYSTEM32\ntmarta.dll
0x00007ffea4760000 - 0x00007ffea4782000 	C:\Windows\SYSTEM32\gpapi.dll
0x00007ffe96610000 - 0x00007ffe96624000 	C:\Program Files\Java\jdk1.8.0_241\jre\bin\javafx_font.dll
0x00007ffe86000000 - 0x00007ffe862fe000 	C:\Windows\SYSTEM32\dwrite.dll
0x00007ffea5a60000 - 0x00007ffea5a85000 	C:\Windows\SYSTEM32\USERENV.dll
0x00007ffea50c0000 - 0x00007ffea50fa000 	C:\Windows\SYSTEM32\IPHLPAPI.DLL
0x00007ffea8170000 - 0x00007ffea8178000 	C:\Windows\System32\NSI.dll
0x00007ffe9d000000 - 0x00007ffe9d016000 	C:\Windows\SYSTEM32\dhcpcsvc6.DLL
0x00007ffe9cfe0000 - 0x00007ffe9cffc000 	C:\Windows\SYSTEM32\dhcpcsvc.DLL
0x00007ffea5100000 - 0x00007ffea51ca000 	C:\Windows\SYSTEM32\DNSAPI.dll
0x00007ffe78270000 - 0x00007ffe78282000 	C:\Program Files\Java\jdk1.8.0_241\jre\bin\nio.dll
0x00007ffea1a30000 - 0x00007ffea1a3d000 	C:\Program Files\Java\jdk1.8.0_241\jre\bin\management.dll
0x000000006d580000 - 0x000000006d63d000 	C:\Users\akazx\AppData\Local\Temp\sqlite-3.8.11.2-0e069c21-2851-4182-b777-c632b1121ac1-sqlitejdbc.dll
0x00007ffea42b0000 - 0x00007ffea44a4000 	C:\Windows\SYSTEM32\dbghelp.dll

VM Arguments:
jvm_args: -javaagent:C:\Users\akazx\AppData\Local\JetBrains\Toolbox\apps\IDEA-U\ch-0\193.6911.18\lib\idea_rt.jar=62777:C:\Users\akazx\AppData\Local\JetBrains\Toolbox\apps\IDEA-U\ch-0\193.6911.18\bin -Dfile.encoding=UTF-8 
java_command: app.Main
java_class_path (initial): C:\Program Files\Java\jdk1.8.0_241\jre\lib\charsets.jar;C:\Program Files\Java\jdk1.8.0_241\jre\lib\deploy.jar;C:\Program Files\Java\jdk1.8.0_241\jre\lib\ext\access-bridge-64.jar;C:\Program Files\Java\jdk1.8.0_241\jre\lib\ext\cldrdata.jar;C:\Program Files\Java\jdk1.8.0_241\jre\lib\ext\dnsns.jar;C:\Program Files\Java\jdk1.8.0_241\jre\lib\ext\jaccess.jar;C:\Program Files\Java\jdk1.8.0_241\jre\lib\ext\jfxrt.jar;C:\Program Files\Java\jdk1.8.0_241\jre\lib\ext\localedata.jar;C:\Program Files\Java\jdk1.8.0_241\jre\lib\ext\nashorn.jar;C:\Program Files\Java\jdk1.8.0_241\jre\lib\ext\sunec.jar;C:\Program Files\Java\jdk1.8.0_241\jre\lib\ext\sunjce_provider.jar;C:\Program Files\Java\jdk1.8.0_241\jre\lib\ext\sunmscapi.jar;C:\Program Files\Java\jdk1.8.0_241\jre\lib\ext\sunpkcs11.jar;C:\Program Files\Java\jdk1.8.0_241\jre\lib\ext\zipfs.jar;C:\Program Files\Java\jdk1.8.0_241\jre\lib\javaws.jar;C:\Program Files\Java\jdk1.8.0_241\jre\lib\jce.jar;C:\Program Files\Java\jdk1.8.0_241\jre\lib\jfr.jar;C:\Program Files\Java\jdk1.8.0_241\jre\lib\jfxswt.jar;C:\Program Files\Java\jdk1.8.0_241\jre\lib\jsse.jar;C:\Program Files\Java\jdk1.8.0_241\jre\lib\management-agent.jar;C:\Program Files\Java\jdk1.8.0_241\jre\lib\plugin.jar;C:\Program Files\Java\jdk1.8.0_241\jre\lib\resources.jar;C:\Program Files\Java\jdk1.8.0_241\jre\lib\rt.jar;C:\Users\akazx\OneDrive\Desktop\GoodsIn\target\classes;C:\Users\akazx\.m2\repository\commons-lang\commons-lang\2.1\commons-lang-2.1.jar;C:\Users\akazx\.m2\repository\org\codehaus\plexus\plexus-utils\1.1\plexus-utils-1.1.jar;C:\Users\akazx\.m2\repository\com\jfoenix\jfoenix\8.0.8\jfoenix-8.0.8.jar;C:\Users\akazx\.m2\repository\com\calendarfx\view\8.6.1\view-8.6.1.jar;C:\Users\akazx\.m2\repository\com\calendarfx\recurrence\8.6.1\recurrence-8.6.1.jar;C:\Users\akazx\.m2\repository\joda-time\joda-time\2.9.1\joda-time-2.9.1.jar;C:\Users\akazx\.m2\repository\org\controlsfx\controlsfx\8.40.13\controlsfx-8.40.13.jar;C:\Users\akazx\.m2\repository\de\j
Launcher Type: SUN_STANDARD

Environment Variables:
JAVA_HOME=C:\Java13\jdk-13
PATH=C:\Program Files\NVIDIA GPU Computing Toolkit\CUDA\v10.2\bin;C:\Program Files\NVIDIA GPU Computing Toolkit\CUDA\v10.2\libnvvp;C:\Windows\system32;C:\Windows;C:\Windows\System32\Wbem;C:\Windows\System32\WindowsPowerShell\v1.0\;C:\Windows\System32\OpenSSH\;C:\Program Files\NVIDIA Corporation\NVIDIA NvDLISR;C:\Program Files (x86)\NVIDIA Corporation\PhysX\Common;C:\Program Files\dotnet\;C:\Program Files\apache-maven-3.6.3\bin;C:\Program Files\Microsoft SQL Server\130\Tools\Binn\;C:\Program Files\Microsoft SQL Server\Client SDK\ODBC\170\Tools\Binn\;C:\Program Files\Git\cmd;C:\Program Files\NVIDIA Corporation\Nsight Compute 2019.5.0\;C:\Java13\jdk-13\bin;C:\HashiCorp\Vagrant\bin;C:\PHP;C:\Program Files\PuTTY\;C:\Users\akazx\AppData\Local\Microsoft\WindowsApps;C:\Users\akazx\AppData\Local\GitHubDesktop\bin;C:\Program Files\GPAC;C:\Program Files\Microsoft VS Code\bin
USERNAME=akazx
OS=Windows_NT
PROCESSOR_IDENTIFIER=Intel64 Family 6 Model 158 Stepping 9, GenuineIntel



---------------  S Y S T E M  ---------------

OS: Windows 10.0 , 64 bit Build 18362 (10.0.18362.329)

CPU:total 4 (initial active 4) (4 cores per cpu, 1 threads per core) family 6 model 158 stepping 9, cmov, cx8, fxsr, mmx, sse, sse2, sse3, ssse3, sse4.1, sse4.2, popcnt, avx, avx2, aes, clmul, erms, 3dnowpref, lzcnt, tsc, tscinvbit, bmi1, bmi2, adx

Memory: 4k page, physical 16733004k(9276824k free), swap 19223372k(5888844k free)

vm_info: Java HotSpot(TM) 64-Bit Server VM (25.241-b07) for windows-amd64 JRE (1.8.0_241-b07), built on Dec 11 2019 10:21:40 by "rejava" with MS VC++ 10.0 (VS2010)

time: Fri Apr 03 19:52:37 2020
timezone: GMT Summer Time
elapsed time: 2 seconds (0d 0h 0m 2s)

